<?xml version="1.0" encoding="UTF-8"?>
<!-- Generated by org.testng.reporters.JUnitReportReporter -->
<testsuite hostname="Owner-PC" name="Unipupil.UniMavenTests.BuyCourseAdditionalFeesFirefoxTest" tests="74" failures="0" timestamp="2 Jun 2016 14:54:25 GMT" time="342.268" errors="4">
  <testcase name="checkAggregateFeesEqualPaymentOrderHistoryTotal" time="0.000" classname="Unipupil.UniMavenTests.BuyCourseAdditionalFeesFirefoxTest"/>
  <testcase name="studentAccountFinishDate" time="0.000" classname="Unipupil.UniMavenTests.BuyCourseAdditionalFeesFirefoxTest"/>
  <testcase name="paymentOrderHistoryUnitPrice" time="0.000" classname="Unipupil.UniMavenTests.BuyCourseAdditionalFeesFirefoxTest"/>
  <testcase name="checkoutProductUnitPrice" time="0.104" classname="Unipupil.UniMavenTests.BuyCourseAdditionalFeesFirefoxTest"/>
  <testcase name="goToCourseEditPage" time="10.254" classname="Unipupil.UniMavenTests.BuyCourseAdditionalFeesFirefoxTest"/>
  <testcase name="ppLoginPageSummaryAmount" time="0.139" classname="Unipupil.UniMavenTests.BuyCourseAdditionalFeesFirefoxTest"/>
  <testcase name="paymentOrderHistoryPage" time="6.793" classname="Unipupil.UniMavenTests.BuyCourseAdditionalFeesFirefoxTest"/>
  <testcase name="checkAggregateFeesEqualCartSubtotal" time="0.000" classname="Unipupil.UniMavenTests.BuyCourseAdditionalFeesFirefoxTest"/>
  <testcase name="goToStudentAccount" time="10.185" classname="Unipupil.UniMavenTests.BuyCourseAdditionalFeesFirefoxTest"/>
  <testcase name="checkoutLineProductName" time="1.779" classname="Unipupil.UniMavenTests.BuyCourseAdditionalFeesFirefoxTest"/>
  <testcase name="paypalLogin" time="10.818" classname="Unipupil.UniMavenTests.BuyCourseAdditionalFeesFirefoxTest"/>
  <testcase name="studentAccountAdditionalFeeTotal" time="0.000" classname="Unipupil.UniMavenTests.BuyCourseAdditionalFeesFirefoxTest"/>
  <testcase name="checkAggregateFeesEqualCheckoutTotal" time="0.000" classname="Unipupil.UniMavenTests.BuyCourseAdditionalFeesFirefoxTest"/>
  <testcase name="displayedTotalCommissionPercent" time="0.001" classname="Unipupil.UniMavenTests.BuyCourseAdditionalFeesFirefoxTest">
    <error type="java.lang.NullPointerException">
      <![CDATA[java.lang.NullPointerException
	at Unipupil.UniMavenTests.BuyCourseAdditionalFeesFirefoxTest.displayedTotalCommissionPercent(BuyCourseAdditionalFeesFirefoxTest.java:889)
	at sun.reflect.NativeMethodAccessorImpl.invoke0(Native Method)
	at sun.reflect.NativeMethodAccessorImpl.invoke(NativeMethodAccessorImpl.java:62)
	at sun.reflect.DelegatingMethodAccessorImpl.invoke(DelegatingMethodAccessorImpl.java:43)
	at java.lang.reflect.Method.invoke(Method.java:497)
	at org.testng.internal.MethodInvocationHelper.invokeMethod(MethodInvocationHelper.java:85)
	at org.testng.internal.Invoker.invokeMethod(Invoker.java:659)
	at org.testng.internal.Invoker.invokeTestMethod(Invoker.java:845)
	at org.testng.internal.Invoker.invokeTestMethods(Invoker.java:1153)
	at org.testng.internal.TestMethodWorker.invokeTestMethods(TestMethodWorker.java:125)
	at org.testng.internal.TestMethodWorker.run(TestMethodWorker.java:108)
	at org.testng.TestRunner.privateRun(TestRunner.java:771)
	at org.testng.TestRunner.run(TestRunner.java:621)
	at org.testng.SuiteRunner.runTest(SuiteRunner.java:357)
	at org.testng.SuiteRunner.runSequentially(SuiteRunner.java:352)
	at org.testng.SuiteRunner.privateRun(SuiteRunner.java:310)
	at org.testng.SuiteRunner.run(SuiteRunner.java:259)
	at org.testng.SuiteRunnerWorker.runSuite(SuiteRunnerWorker.java:52)
	at org.testng.SuiteRunnerWorker.run(SuiteRunnerWorker.java:86)
	at org.testng.TestNG.runSuitesSequentially(TestNG.java:1199)
	at org.testng.TestNG.runSuitesLocally(TestNG.java:1124)
	at org.testng.TestNG.run(TestNG.java:1032)
	at org.apache.maven.surefire.testng.TestNGExecutor.run(TestNGExecutor.java:77)
	at org.apache.maven.surefire.testng.TestNGDirectoryTestSuite.execute(TestNGDirectoryTestSuite.java:110)
	at org.apache.maven.surefire.testng.TestNGProvider.invoke(TestNGProvider.java:106)
	at sun.reflect.NativeMethodAccessorImpl.invoke0(Native Method)
	at sun.reflect.NativeMethodAccessorImpl.invoke(NativeMethodAccessorImpl.java:62)
	at sun.reflect.DelegatingMethodAccessorImpl.invoke(DelegatingMethodAccessorImpl.java:43)
	at java.lang.reflect.Method.invoke(Method.java:497)
	at org.apache.maven.surefire.util.ReflectionUtils.invokeMethodWithArray(ReflectionUtils.java:189)
	at org.apache.maven.surefire.booter.ProviderFactory$ProviderProxy.invoke(ProviderFactory.java:165)
	at org.apache.maven.surefire.booter.ProviderFactory.invokeProvider(ProviderFactory.java:85)
	at org.apache.maven.surefire.booter.ForkedBooter.runSuitesInProcess(ForkedBooter.java:115)
	at org.apache.maven.surefire.booter.ForkedBooter.main(ForkedBooter.java:75)
]]>
    </error>
  </testcase> <!-- displayedTotalCommissionPercent -->
  <testcase name="reviewOrderTotal" time="0.000" classname="Unipupil.UniMavenTests.BuyCourseAdditionalFeesFirefoxTest"/>
  <testcase name="agentCommission" time="0.000" classname="Unipupil.UniMavenTests.BuyCourseAdditionalFeesFirefoxTest">
    <error type="java.lang.Throwable" message="Method BuyCourseAdditionalFeesFirefoxTest.agentCommission()[pri:0, instance:Unipupil.UniMavenTests.BuyCourseAdditionalFeesFirefoxTest@5dfcfece] depends on not successfully finished methods">
      <![CDATA[java.lang.Throwable: Method BuyCourseAdditionalFeesFirefoxTest.agentCommission()[pri:0, instance:Unipupil.UniMavenTests.BuyCourseAdditionalFeesFirefoxTest@5dfcfece] depends on not successfully finished methods
	at org.testng.internal.Invoker.invokeTestMethods(Invoker.java:1063)
	at org.testng.internal.TestMethodWorker.invokeTestMethods(TestMethodWorker.java:125)
	at org.testng.internal.TestMethodWorker.run(TestMethodWorker.java:108)
	at org.testng.TestRunner.privateRun(TestRunner.java:771)
	at org.testng.TestRunner.run(TestRunner.java:621)
	at org.testng.SuiteRunner.runTest(SuiteRunner.java:357)
	at org.testng.SuiteRunner.runSequentially(SuiteRunner.java:352)
	at org.testng.SuiteRunner.privateRun(SuiteRunner.java:310)
	at org.testng.SuiteRunner.run(SuiteRunner.java:259)
	at org.testng.SuiteRunnerWorker.runSuite(SuiteRunnerWorker.java:52)
	at org.testng.SuiteRunnerWorker.run(SuiteRunnerWorker.java:86)
	at org.testng.TestNG.runSuitesSequentially(TestNG.java:1199)
	at org.testng.TestNG.runSuitesLocally(TestNG.java:1124)
	at org.testng.TestNG.run(TestNG.java:1032)
	at org.apache.maven.surefire.testng.TestNGExecutor.run(TestNGExecutor.java:77)
	at org.apache.maven.surefire.testng.TestNGDirectoryTestSuite.execute(TestNGDirectoryTestSuite.java:110)
	at org.apache.maven.surefire.testng.TestNGProvider.invoke(TestNGProvider.java:106)
	at sun.reflect.NativeMethodAccessorImpl.invoke0(Native Method)
	at sun.reflect.NativeMethodAccessorImpl.invoke(NativeMethodAccessorImpl.java:62)
	at sun.reflect.DelegatingMethodAccessorImpl.invoke(DelegatingMethodAccessorImpl.java:43)
	at java.lang.reflect.Method.invoke(Method.java:497)
	at org.apache.maven.surefire.util.ReflectionUtils.invokeMethodWithArray(ReflectionUtils.java:189)
	at org.apache.maven.surefire.booter.ProviderFactory$ProviderProxy.invoke(ProviderFactory.java:165)
	at org.apache.maven.surefire.booter.ProviderFactory.invokeProvider(ProviderFactory.java:85)
	at org.apache.maven.surefire.booter.ForkedBooter.runSuitesInProcess(ForkedBooter.java:115)
	at org.apache.maven.surefire.booter.ForkedBooter.main(ForkedBooter.java:75)
]]>
    </error>
  </testcase> <!-- agentCommission -->
  <testcase name="paymentOrderHistoryLinePrice" time="0.000" classname="Unipupil.UniMavenTests.BuyCourseAdditionalFeesFirefoxTest"/>
  <testcase name="ppConfirmPageSummaryTotal" time="0.000" classname="Unipupil.UniMavenTests.BuyCourseAdditionalFeesFirefoxTest"/>
  <testcase name="checkoutAdditionalFeesTitle" time="0.001" classname="Unipupil.UniMavenTests.BuyCourseAdditionalFeesFirefoxTest"/>
  <testcase name="studentAccountStartDate" time="0.001" classname="Unipupil.UniMavenTests.BuyCourseAdditionalFeesFirefoxTest"/>
  <testcase name="agentLogin" time="32.924" classname="Unipupil.UniMavenTests.BuyCourseAdditionalFeesFirefoxTest"/>
  <testcase name="checkoutTotal" time="0.000" classname="Unipupil.UniMavenTests.BuyCourseAdditionalFeesFirefoxTest"/>
  <testcase name="reviewOrderLinePrice" time="0.001" classname="Unipupil.UniMavenTests.BuyCourseAdditionalFeesFirefoxTest"/>
  <testcase name="studentAccountCourseName" time="2.907" classname="Unipupil.UniMavenTests.BuyCourseAdditionalFeesFirefoxTest"/>
  <testcase name="aggregateFeesEqualReviewOrderSubTotal" time="0.000" classname="Unipupil.UniMavenTests.BuyCourseAdditionalFeesFirefoxTest"/>
  <testcase name="studentLogin" time="6.490" classname="Unipupil.UniMavenTests.BuyCourseAdditionalFeesFirefoxTest"/>
  <testcase name="findInstitution" time="18.933" classname="Unipupil.UniMavenTests.BuyCourseAdditionalFeesFirefoxTest"/>
  <testcase name="displayedAgentCommissionPercent" time="0.000" classname="Unipupil.UniMavenTests.BuyCourseAdditionalFeesFirefoxTest">
    <error type="java.lang.Throwable" message="Method BuyCourseAdditionalFeesFirefoxTest.displayedAgentCommissionPercent()[pri:0, instance:Unipupil.UniMavenTests.BuyCourseAdditionalFeesFirefoxTest@5dfcfece] depends on not successfully finished methods">
      <![CDATA[java.lang.Throwable: Method BuyCourseAdditionalFeesFirefoxTest.displayedAgentCommissionPercent()[pri:0, instance:Unipupil.UniMavenTests.BuyCourseAdditionalFeesFirefoxTest@5dfcfece] depends on not successfully finished methods
	at org.testng.internal.Invoker.invokeTestMethods(Invoker.java:1063)
	at org.testng.internal.TestMethodWorker.invokeTestMethods(TestMethodWorker.java:125)
	at org.testng.internal.TestMethodWorker.run(TestMethodWorker.java:108)
	at org.testng.TestRunner.privateRun(TestRunner.java:771)
	at org.testng.TestRunner.run(TestRunner.java:621)
	at org.testng.SuiteRunner.runTest(SuiteRunner.java:357)
	at org.testng.SuiteRunner.runSequentially(SuiteRunner.java:352)
	at org.testng.SuiteRunner.privateRun(SuiteRunner.java:310)
	at org.testng.SuiteRunner.run(SuiteRunner.java:259)
	at org.testng.SuiteRunnerWorker.runSuite(SuiteRunnerWorker.java:52)
	at org.testng.SuiteRunnerWorker.run(SuiteRunnerWorker.java:86)
	at org.testng.TestNG.runSuitesSequentially(TestNG.java:1199)
	at org.testng.TestNG.runSuitesLocally(TestNG.java:1124)
	at org.testng.TestNG.run(TestNG.java:1032)
	at org.apache.maven.surefire.testng.TestNGExecutor.run(TestNGExecutor.java:77)
	at org.apache.maven.surefire.testng.TestNGDirectoryTestSuite.execute(TestNGDirectoryTestSuite.java:110)
	at org.apache.maven.surefire.testng.TestNGProvider.invoke(TestNGProvider.java:106)
	at sun.reflect.NativeMethodAccessorImpl.invoke0(Native Method)
	at sun.reflect.NativeMethodAccessorImpl.invoke(NativeMethodAccessorImpl.java:62)
	at sun.reflect.DelegatingMethodAccessorImpl.invoke(DelegatingMethodAccessorImpl.java:43)
	at java.lang.reflect.Method.invoke(Method.java:497)
	at org.apache.maven.surefire.util.ReflectionUtils.invokeMethodWithArray(ReflectionUtils.java:189)
	at org.apache.maven.surefire.booter.ProviderFactory$ProviderProxy.invoke(ProviderFactory.java:165)
	at org.apache.maven.surefire.booter.ProviderFactory.invokeProvider(ProviderFactory.java:85)
	at org.apache.maven.surefire.booter.ForkedBooter.runSuitesInProcess(ForkedBooter.java:115)
	at org.apache.maven.surefire.booter.ForkedBooter.main(ForkedBooter.java:75)
]]>
    </error>
  </testcase> <!-- displayedAgentCommissionPercent -->
  <testcase name="enterInstitutionLoginDetails" time="10.349" classname="Unipupil.UniMavenTests.BuyCourseAdditionalFeesFirefoxTest"/>
  <testcase name="getCommissionPercentages" time="4.244" classname="Unipupil.UniMavenTests.BuyCourseAdditionalFeesFirefoxTest"/>
  <testcase name="getCourseFees" time="1.854" classname="Unipupil.UniMavenTests.BuyCourseAdditionalFeesFirefoxTest"/>
  <testcase name="cartProductName" time="1.770" classname="Unipupil.UniMavenTests.BuyCourseAdditionalFeesFirefoxTest"/>
  <testcase name="submitOrder" time="13.889" classname="Unipupil.UniMavenTests.BuyCourseAdditionalFeesFirefoxTest"/>
  <testcase name="reviewOrderInstitutionTitle" time="0.076" classname="Unipupil.UniMavenTests.BuyCourseAdditionalFeesFirefoxTest"/>
  <testcase name="checkCartSubTotalAgainstGrossFees" time="0.001" classname="Unipupil.UniMavenTests.BuyCourseAdditionalFeesFirefoxTest"/>
  <testcase name="checkoutLinePrice" time="0.001" classname="Unipupil.UniMavenTests.BuyCourseAdditionalFeesFirefoxTest"/>
  <testcase name="completeOrderPageMessage" time="0.001" classname="Unipupil.UniMavenTests.BuyCourseAdditionalFeesFirefoxTest"/>
  <testcase name="completeOrderTitle" time="0.392" classname="Unipupil.UniMavenTests.BuyCourseAdditionalFeesFirefoxTest"/>
  <testcase name="studentAccountAdditionalFee" time="0.001" classname="Unipupil.UniMavenTests.BuyCourseAdditionalFeesFirefoxTest"/>
  <testcase name="selectCourse" time="17.688" classname="Unipupil.UniMavenTests.BuyCourseAdditionalFeesFirefoxTest"/>
  <testcase name="ppLoginPageSummaryTotal" time="0.000" classname="Unipupil.UniMavenTests.BuyCourseAdditionalFeesFirefoxTest"/>
  <testcase name="addCourseToCart" time="33.386" classname="Unipupil.UniMavenTests.BuyCourseAdditionalFeesFirefoxTest"/>
  <testcase name="reviewOrderProductUnitPrice" time="0.119" classname="Unipupil.UniMavenTests.BuyCourseAdditionalFeesFirefoxTest"/>
  <testcase name="reviewOrderAdditionalFees" time="0.000" classname="Unipupil.UniMavenTests.BuyCourseAdditionalFeesFirefoxTest"/>
  <testcase name="paymentOrderHistoryAdditionalFees" time="0.000" classname="Unipupil.UniMavenTests.BuyCourseAdditionalFeesFirefoxTest"/>
  <testcase name="cartProductUnitPrice" time="0.001" classname="Unipupil.UniMavenTests.BuyCourseAdditionalFeesFirefoxTest"/>
  <testcase name="reviewOrderAdditionalFeesTitle" time="0.000" classname="Unipupil.UniMavenTests.BuyCourseAdditionalFeesFirefoxTest"/>
  <testcase name="paymentOrderHistoryProductName" time="0.000" classname="Unipupil.UniMavenTests.BuyCourseAdditionalFeesFirefoxTest"/>
  <testcase name="paymentOrderHistoryQuantity" time="0.000" classname="Unipupil.UniMavenTests.BuyCourseAdditionalFeesFirefoxTest"/>
  <testcase name="enterStudentLoginDetails" time="11.734" classname="Unipupil.UniMavenTests.BuyCourseAdditionalFeesFirefoxTest"/>
  <testcase name="institutionLogin" time="6.784" classname="Unipupil.UniMavenTests.BuyCourseAdditionalFeesFirefoxTest"/>
  <testcase name="goToCheckout" time="7.886" classname="Unipupil.UniMavenTests.BuyCourseAdditionalFeesFirefoxTest"/>
  <testcase name="adminLogin" time="28.334" classname="Unipupil.UniMavenTests.BuyCourseAdditionalFeesFirefoxTest"/>
  <testcase name="goToHomepage" time="14.924" classname="Unipupil.UniMavenTests.BuyCourseAdditionalFeesFirefoxTest"/>
  <testcase name="checkoutInstitutionTitle" time="0.067" classname="Unipupil.UniMavenTests.BuyCourseAdditionalFeesFirefoxTest"/>
  <testcase name="cartAdditionalFeesTitle" time="0.000" classname="Unipupil.UniMavenTests.BuyCourseAdditionalFeesFirefoxTest"/>
  <testcase name="reviewOrderHeader" time="1.798" classname="Unipupil.UniMavenTests.BuyCourseAdditionalFeesFirefoxTest"/>
  <testcase name="institutionLogout" time="8.057" classname="Unipupil.UniMavenTests.BuyCourseAdditionalFeesFirefoxTest"/>
  <testcase name="studentAccountCoursePrice" time="0.000" classname="Unipupil.UniMavenTests.BuyCourseAdditionalFeesFirefoxTest"/>
  <testcase name="paymentOrderHistoryHeader" time="1.980" classname="Unipupil.UniMavenTests.BuyCourseAdditionalFeesFirefoxTest"/>
  <testcase name="studentAccountAdditionalFeeName" time="0.000" classname="Unipupil.UniMavenTests.BuyCourseAdditionalFeesFirefoxTest"/>
  <testcase name="reviewOrderSubTotal" time="0.001" classname="Unipupil.UniMavenTests.BuyCourseAdditionalFeesFirefoxTest"/>
  <testcase name="totalPaid" time="0.000" classname="Unipupil.UniMavenTests.BuyCourseAdditionalFeesFirefoxTest">
    <error type="java.lang.Throwable" message="Method BuyCourseAdditionalFeesFirefoxTest.totalPaid()[pri:0, instance:Unipupil.UniMavenTests.BuyCourseAdditionalFeesFirefoxTest@5dfcfece] depends on not successfully finished methods">
      <![CDATA[java.lang.Throwable: Method BuyCourseAdditionalFeesFirefoxTest.totalPaid()[pri:0, instance:Unipupil.UniMavenTests.BuyCourseAdditionalFeesFirefoxTest@5dfcfece] depends on not successfully finished methods
	at org.testng.internal.Invoker.invokeTestMethods(Invoker.java:1063)
	at org.testng.internal.TestMethodWorker.invokeTestMethods(TestMethodWorker.java:125)
	at org.testng.internal.TestMethodWorker.run(TestMethodWorker.java:108)
	at org.testng.TestRunner.privateRun(TestRunner.java:771)
	at org.testng.TestRunner.run(TestRunner.java:621)
	at org.testng.SuiteRunner.runTest(SuiteRunner.java:357)
	at org.testng.SuiteRunner.runSequentially(SuiteRunner.java:352)
	at org.testng.SuiteRunner.privateRun(SuiteRunner.java:310)
	at org.testng.SuiteRunner.run(SuiteRunner.java:259)
	at org.testng.SuiteRunnerWorker.runSuite(SuiteRunnerWorker.java:52)
	at org.testng.SuiteRunnerWorker.run(SuiteRunnerWorker.java:86)
	at org.testng.TestNG.runSuitesSequentially(TestNG.java:1199)
	at org.testng.TestNG.runSuitesLocally(TestNG.java:1124)
	at org.testng.TestNG.run(TestNG.java:1032)
	at org.apache.maven.surefire.testng.TestNGExecutor.run(TestNGExecutor.java:77)
	at org.apache.maven.surefire.testng.TestNGDirectoryTestSuite.execute(TestNGDirectoryTestSuite.java:110)
	at org.apache.maven.surefire.testng.TestNGProvider.invoke(TestNGProvider.java:106)
	at sun.reflect.NativeMethodAccessorImpl.invoke0(Native Method)
	at sun.reflect.NativeMethodAccessorImpl.invoke(NativeMethodAccessorImpl.java:62)
	at sun.reflect.DelegatingMethodAccessorImpl.invoke(DelegatingMethodAccessorImpl.java:43)
	at java.lang.reflect.Method.invoke(Method.java:497)
	at org.apache.maven.surefire.util.ReflectionUtils.invokeMethodWithArray(ReflectionUtils.java:189)
	at org.apache.maven.surefire.booter.ProviderFactory$ProviderProxy.invoke(ProviderFactory.java:165)
	at org.apache.maven.surefire.booter.ProviderFactory.invokeProvider(ProviderFactory.java:85)
	at org.apache.maven.surefire.booter.ForkedBooter.runSuitesInProcess(ForkedBooter.java:115)
	at org.apache.maven.surefire.booter.ForkedBooter.main(ForkedBooter.java:75)
]]>
    </error>
  </testcase> <!-- totalPaid -->
  <testcase name="paymentOrderHistoryTotal" time="0.000" classname="Unipupil.UniMavenTests.BuyCourseAdditionalFeesFirefoxTest"/>
  <testcase name="cartAdditionalFees" time="0.001" classname="Unipupil.UniMavenTests.BuyCourseAdditionalFeesFirefoxTest"/>
  <testcase name="checkoutAdditionalFees" time="0.001" classname="Unipupil.UniMavenTests.BuyCourseAdditionalFeesFirefoxTest"/>
  <testcase name="getCourseList" time="12.726" classname="Unipupil.UniMavenTests.BuyCourseAdditionalFeesFirefoxTest"/>
  <testcase name="selectInstitution" time="16.009" classname="Unipupil.UniMavenTests.BuyCourseAdditionalFeesFirefoxTest"/>
  <testcase name="ppConfirmPayment" time="26.014" classname="Unipupil.UniMavenTests.BuyCourseAdditionalFeesFirefoxTest"/>
  <testcase name="ppConfirmPageSummaryAmount" time="0.000" classname="Unipupil.UniMavenTests.BuyCourseAdditionalFeesFirefoxTest"/>
  <testcase name="reviewOrderProductName" time="0.001" classname="Unipupil.UniMavenTests.BuyCourseAdditionalFeesFirefoxTest"/>
  <testcase name="enterAddressAndContinue" time="20.848" classname="Unipupil.UniMavenTests.BuyCourseAdditionalFeesFirefoxTest"/>
  <testcase name="paymentOrderHistoryProductDescription" time="0.000" classname="Unipupil.UniMavenTests.BuyCourseAdditionalFeesFirefoxTest"/>
  <testcase name="cartLinePrice" time="0.001" classname="Unipupil.UniMavenTests.BuyCourseAdditionalFeesFirefoxTest"/>
</testsuite> <!-- Unipupil.UniMavenTests.BuyCourseAdditionalFeesFirefoxTest -->
